<?xml version="1.0" encoding="UTF-8"?>
<robot generator="Robot 5.0.1 (Python 3.10.8 on win32)" generated="20221014 17:24:48.278" rpa="false" schemaversion="3">
<suite id="s1" name="Trade-Sticker" source="E:\OneDrive\workspace-estudosQA\trade-sticker">
<suite id="s1-s1" name="Tests" source="E:\OneDrive\workspace-estudosQA\trade-sticker\tests">
<suite id="s1-s1-s1" name="Login" source="E:\OneDrive\workspace-estudosQA\trade-sticker\tests\login.robot">
<test id="s1-s1-s1-t1" name="Deve exibir mensagem informe suas credenciais" line="21">
<kw name="Iniciar Test" library="main" type="SETUP">
<kw name="New Browser" library="Browser">
<arg>headless=false</arg>
<tag>BrowserControl</tag>
<tag>Setter</tag>
<doc>Create a new playwright Browser with specified options.</doc>
<msg timestamp="20221014 17:24:49.828" level="INFO">{"browser": "chromium", "headless": false, "devtools": false, "handleSIGHUP": true, "handleSIGINT": true, "handleSIGTERM": true, "slowMo": 0.0, "timeout": 30000.0, "deprecated_pos_args": [], "tracesDir": "E:\\OneDrive\\workspace-estudosQA\\trade-sticker\\results\\browser\\traces\\a0be9206-8d04-49ac-bc4e-9e1a65b220c4"}</msg>
<msg timestamp="20221014 17:24:51.791" level="INFO">Successfully created browser with options: {"browser":"chromium","headless":false,"devtools":false,"handleSIGHUP":true,"handleSIGINT":true,"handleSIGTERM":true,"slowMo":0,"timeout":30000,"deprecated_pos_args":[],"tracesDir":"E:\\OneDrive\\workspace-estudosQA\\trade-sticker\\results\\browser\\traces\\a0be9206-8d04-49ac-bc4e-9e1a65b220c4"}</msg>
<status status="PASS" starttime="20221014 17:24:49.827" endtime="20221014 17:24:51.792"/>
</kw>
<status status="PASS" starttime="20221014 17:24:49.827" endtime="20221014 17:24:51.793"/>
</kw>
<kw name="Go To Login Page" library="login">
<kw name="New Page" library="Browser">
<arg>https://trade-sticker-dev.vercel.app</arg>
<tag>BrowserControl</tag>
<tag>Setter</tag>
<doc>Open a new Page.</doc>
<msg timestamp="20221014 17:24:53.666" level="INFO">Successfully initialized new page object and opened url: https://trade-sticker-dev.vercel.app</msg>
<msg timestamp="20221014 17:24:53.667" level="INFO">No context was open. New context was automatically opened when this page is created.</msg>
<status status="PASS" starttime="20221014 17:24:51.810" endtime="20221014 17:24:53.668"/>
</kw>
<status status="PASS" starttime="20221014 17:24:51.809" endtime="20221014 17:24:53.668"/>
</kw>
<kw name="Submeter Credenciais Vazias" library="login">
<kw name="Clear Text" library="Browser">
<arg>css=input[name=email]</arg>
<tag>PageContent</tag>
<tag>Setter</tag>
<doc>Clears the text field found by ``selector``.</doc>
<status status="PASS" starttime="20221014 17:24:53.672" endtime="20221014 17:24:53.724"/>
</kw>
<kw name="Clear Text" library="Browser">
<arg>css=input[name=password]</arg>
<tag>PageContent</tag>
<tag>Setter</tag>
<doc>Clears the text field found by ``selector``.</doc>
<status status="PASS" starttime="20221014 17:24:53.724" endtime="20221014 17:24:53.745"/>
</kw>
<kw name="Click" library="Browser">
<arg>css=button &gt;&gt; text=Entrar</arg>
<tag>PageContent</tag>
<tag>Setter</tag>
<doc>Simulates mouse click on the element found by ``selector``.</doc>
<status status="PASS" starttime="20221014 17:24:53.745" endtime="20221014 17:24:53.802"/>
</kw>
<status status="PASS" starttime="20221014 17:24:53.671" endtime="20221014 17:24:53.802"/>
</kw>
<kw name="Toast Message Erro" library="login">
<arg>Por favor, informe suas credenciais!</arg>
<kw name="Set Variable" library="BuiltIn">
<var>${locator}</var>
<arg>css=.Toastify__toast-body div &gt;&gt; text=${expected_message}</arg>
<doc>Returns the given values which can then be assigned to a variables.</doc>
<msg timestamp="20221014 17:24:53.810" level="INFO">${locator} = css=.Toastify__toast-body div &gt;&gt; text=Por favor, informe suas credenciais!</msg>
<status status="PASS" starttime="20221014 17:24:53.809" endtime="20221014 17:24:53.811"/>
</kw>
<kw name="Wait For Elements State" library="Browser">
<arg>${locator}</arg>
<arg>visible</arg>
<arg>3</arg>
<tag>PageContent</tag>
<tag>Wait</tag>
<doc>Waits for the element found by ``selector`` to satisfy state option.</doc>
<msg timestamp="20221014 17:24:53.834" level="INFO">Waited for Element with selector css=.Toastify__toast-body div &gt;&gt; text=Por favor, informe suas credenciais! at state visible</msg>
<status status="PASS" starttime="20221014 17:24:53.811" endtime="20221014 17:24:53.836"/>
</kw>
<status status="PASS" starttime="20221014 17:24:53.808" endtime="20221014 17:24:53.837"/>
</kw>
<kw name="Finalizar Test" library="main" type="TEARDOWN">
<kw name="Sleep" library="BuiltIn">
<arg>1</arg>
<doc>Pauses the test executed for the given time.</doc>
<msg timestamp="20221014 17:24:54.854" level="INFO">Slept 1 second</msg>
<status status="PASS" starttime="20221014 17:24:53.838" endtime="20221014 17:24:54.855"/>
</kw>
<kw name="Take Screenshot" library="Browser">
<tag>PageContent</tag>
<doc>Takes a screenshot of the current window or element and saves it to disk.</doc>
<msg timestamp="20221014 17:24:55.405" level="INFO" html="true">&lt;/td&gt;&lt;/tr&gt;&lt;tr&gt;&lt;td colspan="3"&gt;&lt;a href="browser/screenshot/robotframework-browser-screenshot-1.png"&gt;&lt;img src="browser/screenshot/robotframework-browser-screenshot-1.png" width="800px"&gt;&lt;/a&gt;</msg>
<status status="PASS" starttime="20221014 17:24:54.855" endtime="20221014 17:24:55.409"/>
</kw>
<status status="PASS" starttime="20221014 17:24:53.837" endtime="20221014 17:24:55.409"/>
</kw>
<tag>inv_pass</tag>
<status status="PASS" starttime="20221014 17:24:49.821" endtime="20221014 17:24:55.413"/>
</test>
<doc>Login tests</doc>
<status status="PASS" starttime="20221014 17:24:48.325" endtime="20221014 17:24:55.613"/>
</suite>
<status status="PASS" starttime="20221014 17:24:48.320" endtime="20221014 17:24:55.644"/>
</suite>
<status status="PASS" starttime="20221014 17:24:48.285" endtime="20221014 17:24:55.646"/>
</suite>
<statistics>
<total>
<stat pass="1" fail="0" skip="0">All Tests</stat>
</total>
<tag>
<stat pass="1" fail="0" skip="0">inv_pass</stat>
</tag>
<suite>
<stat pass="1" fail="0" skip="0" id="s1" name="Trade-Sticker">Trade-Sticker</stat>
<stat pass="1" fail="0" skip="0" id="s1-s1" name="Tests">Trade-Sticker.Tests</stat>
<stat pass="1" fail="0" skip="0" id="s1-s1-s1" name="Login">Trade-Sticker.Tests.Login</stat>
</suite>
</statistics>
<errors>
</errors>
</robot>
